<?xml version="1.0" encoding="UTF-8"?>
<!-- Generated by org.testng.reporters.JUnitReportReporter -->
<testsuite hostname="HP-PC" name="scripts.ChatFacebook" tests="1" failures="0" timestamp="23 Aug 2016 02:35:29 GMT" time="550.709" errors="0">
  <testcase name="test_Chat" time="550.709" classname="scripts.ChatFacebook"/>
</testsuite> <!-- scripts.ChatFacebook -->
