<?xml version="1.0" encoding="UTF-8"?>
<!-- Generated by org.testng.reporters.JUnitReportReporter -->
<testsuite hostname="HP-PC" name="scripts.ChatFacebook" tests="1" failures="0" timestamp="9 Aug 2016 10:38:25 GMT" time="520.801" errors="0">
  <testcase name="test_Chat" time="520.801" classname="scripts.ChatFacebook"/>
</testsuite> <!-- scripts.ChatFacebook -->
